\BOOKMARK [1][-]{section.1}{Introduction}{}% 1
\BOOKMARK [1][-]{section.2}{Aspect esth\351tique}{}% 2
\BOOKMARK [1][-]{section.3}{Aspect technique}{}% 3
\BOOKMARK [2][-]{subsection.3.1}{Fonctionalit\351 de base}{section.3}% 4
\BOOKMARK [3][-]{subsubsection.3.1.1}{initialisation d'une partie en ligne de commande}{subsection.3.1}% 5
\BOOKMARK [3][-]{subsubsection.3.1.2}{les mouvements}{subsection.3.1}% 6
\BOOKMARK [3][-]{subsubsection.3.1.3}{les test des mouvements}{subsection.3.1}% 7
\BOOKMARK [3][-]{subsubsection.3.1.4}{la gestion des points}{subsection.3.1}% 8
\BOOKMARK [2][-]{subsection.3.2}{Fonctionalit\351 rajouter}{section.3}% 9
\BOOKMARK [3][-]{subsubsection.3.2.1}{Une interface graphique}{subsection.3.2}% 10
\BOOKMARK [3][-]{subsubsection.3.2.2}{Une IA}{subsection.3.2}% 11
\BOOKMARK [3][-]{subsubsection.3.2.3}{Un enregistrement,affichage des scores r\351alis\351.}{subsection.3.2}% 12
\BOOKMARK [1][-]{section.4}{Suite voulue}{}% 13
\BOOKMARK [2][-]{subsection.4.1}{Une IA plus inteligente}{section.4}% 14
\BOOKMARK [2][-]{subsection.4.2}{Une meilleur gestion des clic de la souris}{section.4}% 15
\BOOKMARK [2][-]{subsection.4.3}{Des bruitages et/ou animation}{section.4}% 16
\BOOKMARK [1][-]{section.5}{Erreur et test de fonction repr\351sentative du programme.}{}% 17
\BOOKMARK [2][-]{subsection.5.1}{anti\137deplacement\137contraire}{section.5}% 18
\BOOKMARK [2][-]{subsection.5.2}{B}{section.5}% 19
\BOOKMARK [2][-]{subsection.5.3}{test\137fin\137partie}{section.5}% 20
\BOOKMARK [2][-]{subsection.5.4}{test\137Pions\137pousser}{section.5}% 21
\BOOKMARK [2][-]{subsection.5.5}{traitement\137coordone}{section.5}% 22
\BOOKMARK [2][-]{subsection.5.6}{test\137deplacement}{section.5}% 23
\BOOKMARK [2][-]{subsection.5.7}{compte\137pions\137coul}{section.5}% 24
\BOOKMARK [2][-]{subsection.5.8}{search\137by\137name}{section.5}% 25
\BOOKMARK [2][-]{subsection.5.9}{Grille\137Initiale}{section.5}% 26
\BOOKMARK [1][-]{section.6}{conclusion}{}% 27
